Making check in intl
make[1]: Entering directory `/cygdrive/k/Textproc/sed/4.1.4/sed-4.1.4/intl'
make[1]: Niets te doen voor `check'.
make[1]: Leaving directory `/cygdrive/k/Textproc/sed/4.1.4/sed-4.1.4/intl'
Making check in lib
make[1]: Entering directory `/cygdrive/k/Textproc/sed/4.1.4/sed-4.1.4/lib'
make[1]: Niets te doen voor `check'.
make[1]: Leaving directory `/cygdrive/k/Textproc/sed/4.1.4/sed-4.1.4/lib'
Making check in po
make[1]: Entering directory `/cygdrive/k/Textproc/sed/4.1.4/sed-4.1.4/po'
make[1]: Niets te doen voor `check'.
make[1]: Leaving directory `/cygdrive/k/Textproc/sed/4.1.4/sed-4.1.4/po'
Making check in sed
make[1]: Entering directory `/cygdrive/k/Textproc/sed/4.1.4/sed-4.1.4/sed'
make[1]: Niets te doen voor `check'.
make[1]: Leaving directory `/cygdrive/k/Textproc/sed/4.1.4/sed-4.1.4/sed'
Making check in doc
make[1]: Entering directory `/cygdrive/k/Textproc/sed/4.1.4/sed-4.1.4/doc'
make[1]: Niets te doen voor `check'.
make[1]: Leaving directory `/cygdrive/k/Textproc/sed/4.1.4/sed-4.1.4/doc'
Making check in testsuite
make[1]: Entering directory `/cygdrive/k/Textproc/sed/4.1.4/sed-4.1.4/testsuite'
make  bug-regex7.exe bug-regex8.exe bug-regex9.exe bug-regex10.exe bug-regex11.exe bug-regex12.exe bug-regex13.exe bug-regex14.exe bug-regex15.exe bug-regex16.exe bug-regex21.exe tst-pcre.exe tst-boost.exe runtests.exe runptests.exe tst-rxspencer.exe tst-regex2.exe
make[2]: Entering directory `/cygdrive/k/Textproc/sed/4.1.4/sed-4.1.4/testsuite'
make[2]: `bug-regex7.exe' is up to date.
make[2]: `bug-regex8.exe' is up to date.
make[2]: `bug-regex9.exe' is up to date.
make[2]: `bug-regex10.exe' is up to date.
make[2]: `bug-regex11.exe' is up to date.
make[2]: `bug-regex12.exe' is up to date.
make[2]: `bug-regex13.exe' is up to date.
make[2]: `bug-regex14.exe' is up to date.
make[2]: `bug-regex15.exe' is up to date.
make[2]: `bug-regex16.exe' is up to date.
make[2]: `bug-regex21.exe' is up to date.
make[2]: `tst-pcre.exe' is up to date.
make[2]: `tst-boost.exe' is up to date.
make[2]: `runtests.exe' is up to date.
make[2]: `runptests.exe' is up to date.
make[2]: `tst-rxspencer.exe' is up to date.
make[2]: `tst-regex2.exe' is up to date.
make[2]: Leaving directory `/cygdrive/k/Textproc/sed/4.1.4/sed-4.1.4/testsuite'
make  check-TESTS
make[2]: Entering directory `/cygdrive/k/Textproc/sed/4.1.4/sed-4.1.4/testsuite'
PASS: bug-regex7.exe
PASS: bug-regex8.exe
PASS: bug-regex9.exe
PASS: bug-regex10.exe
PASS: bug-regex11.exe
PASS: bug-regex12.exe
PASS: bug-regex13.exe
PASS: bug-regex14.exe
PASS: bug-regex15.exe
PASS: bug-regex16.exe
PASS: bug-regex21.exe
PASS: tst-pcre.exe
PASS: tst-boost.exe
PASS: runtests.exe
PASS: runptests.exe
PASS: tst-rxspencer.exe
PASS: tst-regex2.exe
PASS: space
PASS: enable
PASS: sep
PASS: inclib
PASS: 8bit
PASS: newjis
PASS: xabcx
PASS: dollar
PASS: noeol
PASS: noeolw
PASS: numsub
PASS: numsub2
PASS: numsub3
PASS: numsub4
PASS: numsub5
PASS: 0range
PASS: bkslashes
PASS: head
PASS: madding
PASS: mac-mf
PASS: empty
PASS: xbxcx
PASS: xbxcx3
PASS: recall
PASS: recall2
PASS: xemacs
PASS: fasts
PASS: uniq
PASS: manis
PASS: khadafy
PASS: linecnt
make[3]: Entering directory `/cygdrive/k/Textproc/sed/4.1.4/sed-4.1.4/testsuite'
LC_ALL=C  ../sed/sed -f ../../sed-4.1.4-src/testsuite/eval.sed < ../../sed-4.1.4-src/testsuite/eval.inp > eval.out 
..\sed\sed.exe: can't read eval.in2;: No such file or directory
..\sed\sed.exe: can't read echo: No such file or directory
..\sed\sed.exe: can't read cpu: No such file or directory
..\sed\sed.exe: can't read eval.in2;: No such file or directory
..\sed\sed.exe: can't read echo: No such file or directory
..\sed\sed.exe: can't read   cpu  : No such file or directory
diff -ac ../../sed-4.1.4-src/testsuite/eval.good eval.out 
*** ../../sed-4.1.4-src/testsuite/eval.good	Wed Apr 13 21:52:01 2005
--- eval.out	Thu Apr 14 00:26:10 2005
***************
*** 7,14 ****
  17380: 2 2 5 11 79
  cpu
  ---
! 17380: 2 2 5 11 79
! cpu
  ---
  17380: 2 2 5 11 79
  cpu
--- 7,13 ----
  17380: 2 2 5 11 79
  cpu
  ---
! 
  ---
  17380: 2 2 5 11 79
  cpu
***************
*** 22,29 ****
  17380: 2 2 5 11 79
    cpu  
  ---
! 17380: 2 2 5 11 79
!   cpu  
  ---
  17380: 2 2 5 11 79
    cpu  
--- 21,27 ----
  17380: 2 2 5 11 79
    cpu  
  ---
! 
  ---
  17380: 2 2 5 11 79
    cpu  
make[3]: *** [eval] Fout 1
make[3]: Leaving directory `/cygdrive/k/Textproc/sed/4.1.4/sed-4.1.4/testsuite'
FAIL: eval
PASS: distrib
PASS: 8to7
PASS: allsub
PASS: cv-vars
PASS: classes
PASS: middle
PASS: bsd
PASS: stdin
PASS: flipcase
PASS: insens
PASS: subwrite
PASS: writeout
PASS: readin
PASS: help
PASS: version
PASS: file
PASS: quiet
PASS: factor
PASS: binary3
PASS: binary2
PASS: binary
================================
1 of 70 tests failed
Please report to bonzini@gnu.org
================================
make[2]: *** [check-TESTS] Fout 1
make[2]: Leaving directory `/cygdrive/k/Textproc/sed/4.1.4/sed-4.1.4/testsuite'
make[1]: *** [check-am] Fout 2
make[1]: Leaving directory `/cygdrive/k/Textproc/sed/4.1.4/sed-4.1.4/testsuite'
make: *** [check-recursive] Fout 1
